  [1m[35m (2979.6ms)[0m  [1m[35mCREATE DATABASE "dev_db" ENCODING = 'unicode' TEMPLATE = "template0"[0m
  ↳ /usr/local/bin/rake:23
  [1m[35m (3020.3ms)[0m  [1m[35mCREATE DATABASE "test_db" ENCODING = 'unicode' TEMPLATE = "template0"[0m
  ↳ /usr/local/bin/rake:23
  [1m[35m (32.0ms)[0m  [1m[35mCREATE TABLE "schema_migrations" ("version" character varying NOT NULL PRIMARY KEY)[0m
  ↳ /usr/local/bin/rake:23
  [1m[35m (37.0ms)[0m  [1m[35mCREATE TABLE "ar_internal_metadata" ("key" character varying NOT NULL PRIMARY KEY, "value" character varying, "created_at" timestamp NOT NULL, "updated_at" timestamp NOT NULL)[0m
  ↳ /usr/local/bin/rake:23
  [1m[35m (0.2ms)[0m  [1m[34mSELECT pg_try_advisory_lock(8575728061014197160)[0m
  ↳ /usr/local/bin/rake:23
  [1m[35m (0.7ms)[0m  [1m[34mSELECT "schema_migrations"."version" FROM "schema_migrations" ORDER BY "schema_migrations"."version" ASC[0m
  ↳ /usr/local/bin/rake:23
Migrating to DeviseCreateUsers (20221112073324)
  [1m[35m (71.3ms)[0m  [1m[35mBEGIN[0m
  ↳ /usr/local/bin/rake:23
  [1m[35m (25.8ms)[0m  [1m[35mCREATE TABLE "users" ("id" bigserial primary key, "email" character varying DEFAULT '' NOT NULL, "encrypted_password" character varying DEFAULT '' NOT NULL, "reset_password_token" character varying, "reset_password_sent_at" timestamp, "remember_created_at" timestamp, "created_at" timestamp NOT NULL, "updated_at" timestamp NOT NULL)[0m
  ↳ db/migrate/20221112073324_devise_create_users.rb:5
  [1m[35m (11.0ms)[0m  [1m[35mCREATE UNIQUE INDEX  "index_users_on_email" ON "users"  ("email")[0m
  ↳ db/migrate/20221112073324_devise_create_users.rb:39
  [1m[35m (11.0ms)[0m  [1m[35mCREATE UNIQUE INDEX  "index_users_on_reset_password_token" ON "users"  ("reset_password_token")[0m
  ↳ db/migrate/20221112073324_devise_create_users.rb:40
  [1m[36mActiveRecord::SchemaMigration Create (0.5ms)[0m  [1m[32mINSERT INTO "schema_migrations" ("version") VALUES ($1) RETURNING "version"[0m  [["version", "20221112073324"]]
  ↳ /usr/local/bin/rake:23
  [1m[35m (4.8ms)[0m  [1m[35mCOMMIT[0m
  ↳ /usr/local/bin/rake:23
Migrating to DeviseCreateStudents (20221112073427)
  [1m[35m (0.2ms)[0m  [1m[35mBEGIN[0m
  ↳ /usr/local/bin/rake:23
  [1m[35m (53.6ms)[0m  [1m[35mCREATE TABLE "students" ("id" bigserial primary key, "email" character varying DEFAULT '' NOT NULL, "encrypted_password" character varying DEFAULT '' NOT NULL, "reset_password_token" character varying, "reset_password_sent_at" timestamp, "remember_created_at" timestamp, "created_at" timestamp NOT NULL, "updated_at" timestamp NOT NULL)[0m
  ↳ db/migrate/20221112073427_devise_create_students.rb:5
  [1m[35m (12.6ms)[0m  [1m[35mCREATE UNIQUE INDEX  "index_students_on_email" ON "students"  ("email")[0m
  ↳ db/migrate/20221112073427_devise_create_students.rb:39
  [1m[35m (9.9ms)[0m  [1m[35mCREATE UNIQUE INDEX  "index_students_on_reset_password_token" ON "students"  ("reset_password_token")[0m
  ↳ db/migrate/20221112073427_devise_create_students.rb:40
  [1m[36mActiveRecord::SchemaMigration Create (0.3ms)[0m  [1m[32mINSERT INTO "schema_migrations" ("version") VALUES ($1) RETURNING "version"[0m  [["version", "20221112073427"]]
  ↳ /usr/local/bin/rake:23
  [1m[35m (4.4ms)[0m  [1m[35mCOMMIT[0m
  ↳ /usr/local/bin/rake:23
  [1m[36mActiveRecord::InternalMetadata Load (25.8ms)[0m  [1m[34mSELECT  "ar_internal_metadata".* FROM "ar_internal_metadata" WHERE "ar_internal_metadata"."key" = $1 LIMIT $2[0m  [["key", "environment"], ["LIMIT", 1]]
  ↳ /usr/local/bin/rake:23
  [1m[35m (0.2ms)[0m  [1m[35mBEGIN[0m
  ↳ /usr/local/bin/rake:23
  [1m[36mActiveRecord::InternalMetadata Create (0.6ms)[0m  [1m[32mINSERT INTO "ar_internal_metadata" ("key", "value", "created_at", "updated_at") VALUES ($1, $2, $3, $4) RETURNING "key"[0m  [["key", "environment"], ["value", "development"], ["created_at", "2022-11-12 07:38:02.133155"], ["updated_at", "2022-11-12 07:38:02.133155"]]
  ↳ /usr/local/bin/rake:23
  [1m[35m (3.9ms)[0m  [1m[35mCOMMIT[0m
  ↳ /usr/local/bin/rake:23
  [1m[35m (0.3ms)[0m  [1m[34mSELECT pg_advisory_unlock(8575728061014197160)[0m
  ↳ /usr/local/bin/rake:23
  [1m[35m (0.3ms)[0m  [1m[34mSELECT "schema_migrations"."version" FROM "schema_migrations" ORDER BY "schema_migrations"."version" ASC[0m
  ↳ /usr/local/bin/rake:23
Started GET "/?t=1668238849054" for 172.17.0.1 at 2022-11-12 07:40:49 +0000
Cannot render console from 10.1.20.142! Allowed networks: 127.0.0.1, ::1, 127.0.0.0/127.255.255.255
  [1m[35m (0.7ms)[0m  [1m[34mSELECT "schema_migrations"."version" FROM "schema_migrations" ORDER BY "schema_migrations"."version" ASC[0m
  ↳ /usr/local/lib/ruby/gems/2.6.0/gems/activerecord-5.2.8.1/lib/active_record/log_subscriber.rb:98
Processing by Rails::WelcomeController#index as HTML
  Parameters: {"t"=>"1668238849054"}
  Rendering /usr/local/lib/ruby/gems/2.6.0/gems/railties-5.2.8.1/lib/rails/templates/rails/welcome/index.html.erb
  Rendered /usr/local/lib/ruby/gems/2.6.0/gems/railties-5.2.8.1/lib/rails/templates/rails/welcome/index.html.erb (3.9ms)
Completed 200 OK in 19ms (Views: 12.5ms | ActiveRecord: 0.0ms)


Started GET "/?t=1668239414861" for 172.17.0.1 at 2022-11-12 07:50:15 +0000
Cannot render console from 10.1.20.142! Allowed networks: 127.0.0.1, ::1, 127.0.0.0/127.255.255.255
Processing by Rails::WelcomeController#index as HTML
  Parameters: {"t"=>"1668239414861"}
  Rendering /usr/local/lib/ruby/gems/2.6.0/gems/railties-5.2.8.1/lib/rails/templates/rails/welcome/index.html.erb
  Rendered /usr/local/lib/ruby/gems/2.6.0/gems/railties-5.2.8.1/lib/rails/templates/rails/welcome/index.html.erb (1.7ms)
Completed 200 OK in 5ms (Views: 3.2ms | ActiveRecord: 0.0ms)


Started GET "/?t=1668487929275" for 172.17.0.1 at 2022-11-15 04:52:05 +0000
Cannot render console from 10.1.20.239! Allowed networks: 127.0.0.1, ::1, 127.0.0.0/127.255.255.255
  
PG::ConnectionBad (could not connect to server: Connection refused
	Is the server running on host "127.0.0.1" and accepting
	TCP/IP connections on port 5432?
could not connect to server: Cannot assign requested address
	Is the server running on host "::1" and accepting
	TCP/IP connections on port 5432?
):
  
pg (1.4.4) lib/pg/connection.rb:632:in `async_connect_or_reset'
pg (1.4.4) lib/pg/connection.rb:759:in `connect_to_hosts'
pg (1.4.4) lib/pg/connection.rb:695:in `new'
pg (1.4.4) lib/pg.rb:69:in `connect'
activerecord (5.2.8.1) lib/active_record/connection_adapters/postgresql_adapter.rb:692:in `connect'
activerecord (5.2.8.1) lib/active_record/connection_adapters/postgresql_adapter.rb:223:in `initialize'
activerecord (5.2.8.1) lib/active_record/connection_adapters/postgresql_adapter.rb:48:in `new'
activerecord (5.2.8.1) lib/active_record/connection_adapters/postgresql_adapter.rb:48:in `postgresql_connection'
activerecord (5.2.8.1) lib/active_record/connection_adapters/abstract/connection_pool.rb:830:in `new_connection'
activerecord (5.2.8.1) lib/active_record/connection_adapters/abstract/connection_pool.rb:874:in `checkout_new_connection'
activerecord (5.2.8.1) lib/active_record/connection_adapters/abstract/connection_pool.rb:853:in `try_to_checkout_new_connection'
activerecord (5.2.8.1) lib/active_record/connection_adapters/abstract/connection_pool.rb:814:in `acquire_connection'
activerecord (5.2.8.1) lib/active_record/connection_adapters/abstract/connection_pool.rb:538:in `checkout'
activerecord (5.2.8.1) lib/active_record/connection_adapters/abstract/connection_pool.rb:382:in `connection'
activerecord (5.2.8.1) lib/active_record/connection_adapters/abstract/connection_pool.rb:1033:in `retrieve_connection'
activerecord (5.2.8.1) lib/active_record/connection_handling.rb:118:in `retrieve_connection'
activerecord (5.2.8.1) lib/active_record/connection_handling.rb:90:in `connection'
activerecord (5.2.8.1) lib/active_record/migration.rb:554:in `call'
actionpack (5.2.8.1) lib/action_dispatch/middleware/callbacks.rb:28:in `block in call'
activesupport (5.2.8.1) lib/active_support/callbacks.rb:98:in `run_callbacks'
actionpack (5.2.8.1) lib/action_dispatch/middleware/callbacks.rb:26:in `call'
actionpack (5.2.8.1) lib/action_dispatch/middleware/executor.rb:14:in `call'
actionpack (5.2.8.1) lib/action_dispatch/middleware/debug_exceptions.rb:61:in `call'
web-console (3.7.0) lib/web_console/middleware.rb:135:in `call_app'
web-console (3.7.0) lib/web_console/middleware.rb:22:in `block in call'
web-console (3.7.0) lib/web_console/middleware.rb:20:in `catch'
web-console (3.7.0) lib/web_console/middleware.rb:20:in `call'
actionpack (5.2.8.1) lib/action_dispatch/middleware/show_exceptions.rb:33:in `call'
railties (5.2.8.1) lib/rails/rack/logger.rb:38:in `call_app'
railties (5.2.8.1) lib/rails/rack/logger.rb:26:in `block in call'
activesupport (5.2.8.1) lib/active_support/tagged_logging.rb:71:in `block in tagged'
activesupport (5.2.8.1) lib/active_support/tagged_logging.rb:28:in `tagged'
activesupport (5.2.8.1) lib/active_support/tagged_logging.rb:71:in `tagged'
railties (5.2.8.1) lib/rails/rack/logger.rb:26:in `call'
sprockets-rails (3.4.2) lib/sprockets/rails/quiet_assets.rb:13:in `call'
actionpack (5.2.8.1) lib/action_dispatch/middleware/remote_ip.rb:81:in `call'
actionpack (5.2.8.1) lib/action_dispatch/middleware/request_id.rb:27:in `call'
rack (2.2.4) lib/rack/method_override.rb:24:in `call'
rack (2.2.4) lib/rack/runtime.rb:22:in `call'
activesupport (5.2.8.1) lib/active_support/cache/strategy/local_cache_middleware.rb:29:in `call'
actionpack (5.2.8.1) lib/action_dispatch/middleware/executor.rb:14:in `call'
actionpack (5.2.8.1) lib/action_dispatch/middleware/static.rb:127:in `call'
rack (2.2.4) lib/rack/sendfile.rb:110:in `call'
webpacker (4.3.0) lib/webpacker/dev_server_proxy.rb:23:in `perform_request'
rack-proxy (0.7.4) lib/rack/proxy.rb:78:in `call'
railties (5.2.8.1) lib/rails/engine.rb:524:in `call'
puma (4.3.12) lib/puma/configuration.rb:228:in `call'
puma (4.3.12) lib/puma/server.rb:727:in `handle_request'
puma (4.3.12) lib/puma/server.rb:476:in `process_client'
puma (4.3.12) lib/puma/server.rb:332:in `block in run'
puma (4.3.12) lib/puma/thread_pool.rb:134:in `block in spawn_thread'
Started GET "/?t=1668488002838" for 172.17.0.1 at 2022-11-15 04:53:15 +0000
Cannot render console from 10.1.20.239! Allowed networks: 127.0.0.1, ::1, 127.0.0.0/127.255.255.255
  [1m[35m (3.4ms)[0m  [1m[34mSELECT "schema_migrations"."version" FROM "schema_migrations" ORDER BY "schema_migrations"."version" ASC[0m
  ↳ /usr/local/lib/ruby/gems/2.6.0/gems/activerecord-5.2.8.1/lib/active_record/log_subscriber.rb:98
Processing by Rails::WelcomeController#index as HTML
  Parameters: {"t"=>"1668488002838"}
  Rendering /usr/local/lib/ruby/gems/2.6.0/gems/railties-5.2.8.1/lib/rails/templates/rails/welcome/index.html.erb
  Rendered /usr/local/lib/ruby/gems/2.6.0/gems/railties-5.2.8.1/lib/rails/templates/rails/welcome/index.html.erb (2.8ms)
Completed 200 OK in 32ms (Views: 6.7ms | ActiveRecord: 0.0ms)


  [1m[35m (0.3ms)[0m  [1m[34mSELECT pg_try_advisory_lock(8575728061014197160)[0m
  ↳ /usr/local/bin/rake:23
  [1m[35m (3.0ms)[0m  [1m[34mSELECT "schema_migrations"."version" FROM "schema_migrations" ORDER BY "schema_migrations"."version" ASC[0m
  ↳ /usr/local/bin/rake:23
Migrating to CreateDepartments (20221116085408)
  [1m[35m (0.3ms)[0m  [1m[35mBEGIN[0m
  ↳ /usr/local/bin/rake:23
  [1m[35m (38.5ms)[0m  [1m[35mCREATE TABLE "departments" ("id" bigserial primary key, "dep_name" character varying, "created_at" timestamp NOT NULL, "updated_at" timestamp NOT NULL)[0m
  ↳ db/migrate/20221116085408_create_departments.rb:3
  [1m[35m (0.2ms)[0m  [1m[31mROLLBACK[0m
  ↳ /usr/local/bin/rake:23
  [1m[35m (0.3ms)[0m  [1m[34mSELECT pg_advisory_unlock(8575728061014197160)[0m
  ↳ /usr/local/bin/rake:23
  [1m[35m (0.6ms)[0m  [1m[34mSELECT "schema_migrations"."version" FROM "schema_migrations" ORDER BY "schema_migrations"."version" ASC[0m
  ↳ bin/rails:9
  [1m[35m (0.4ms)[0m  [1m[34mSELECT "schema_migrations"."version" FROM "schema_migrations" ORDER BY "schema_migrations"."version" ASC[0m
  ↳ bin/rails:9
  [1m[35m (0.3ms)[0m  [1m[34mSELECT "schema_migrations"."version" FROM "schema_migrations" ORDER BY "schema_migrations"."version" ASC[0m
  ↳ bin/rails:9
  [1m[35m (0.2ms)[0m  [1m[34mSELECT pg_try_advisory_lock(8575728061014197160)[0m
  ↳ /usr/local/bin/rake:23
  [1m[35m (0.7ms)[0m  [1m[34mSELECT "schema_migrations"."version" FROM "schema_migrations" ORDER BY "schema_migrations"."version" ASC[0m
  ↳ /usr/local/bin/rake:23
Migrating to ChangeColumn (20221116090021)
  [1m[35m (0.3ms)[0m  [1m[35mBEGIN[0m
  ↳ /usr/local/bin/rake:23
  [1m[35m (0.2ms)[0m  [1m[31mROLLBACK[0m
  ↳ /usr/local/bin/rake:23
  [1m[35m (0.3ms)[0m  [1m[34mSELECT pg_advisory_unlock(8575728061014197160)[0m
  ↳ /usr/local/bin/rake:23
  [1m[35m (0.2ms)[0m  [1m[34mSELECT pg_try_advisory_lock(8575728061014197160)[0m
  ↳ /usr/local/bin/rake:23
  [1m[35m (0.6ms)[0m  [1m[34mSELECT "schema_migrations"."version" FROM "schema_migrations" ORDER BY "schema_migrations"."version" ASC[0m
  ↳ /usr/local/bin/rake:23
Migrating to ChangeColumn (20221116090021)
  [1m[35m (0.3ms)[0m  [1m[35mBEGIN[0m
  ↳ /usr/local/bin/rake:23
  [1m[35m (19.8ms)[0m  [1m[35mDROP TABLE "students"[0m
  ↳ db/migrate/20221116090021_change_column.rb:3
  [1m[35m (0.9ms)[0m  [1m[35mDROP TABLE "departments"[0m
  ↳ db/migrate/20221116090021_change_column.rb:4
  [1m[36mActiveRecord::SchemaMigration Create (0.4ms)[0m  [1m[32mINSERT INTO "schema_migrations" ("version") VALUES ($1) RETURNING "version"[0m  [["version", "20221116090021"]]
  ↳ /usr/local/bin/rake:23
  [1m[35m (5.8ms)[0m  [1m[35mCOMMIT[0m
  ↳ /usr/local/bin/rake:23
  [1m[36mActiveRecord::InternalMetadata Load (3.6ms)[0m  [1m[34mSELECT  "ar_internal_metadata".* FROM "ar_internal_metadata" WHERE "ar_internal_metadata"."key" = $1 LIMIT $2[0m  [["key", "environment"], ["LIMIT", 1]]
  ↳ /usr/local/bin/rake:23
  [1m[35m (0.3ms)[0m  [1m[35mBEGIN[0m
  ↳ /usr/local/bin/rake:23
  [1m[35m (0.2ms)[0m  [1m[35mCOMMIT[0m
  ↳ /usr/local/bin/rake:23
  [1m[35m (0.3ms)[0m  [1m[34mSELECT pg_advisory_unlock(8575728061014197160)[0m
  ↳ /usr/local/bin/rake:23
  [1m[35m (0.3ms)[0m  [1m[34mSELECT "schema_migrations"."version" FROM "schema_migrations" ORDER BY "schema_migrations"."version" ASC[0m
  ↳ /usr/local/bin/rake:23
  [1m[35m (0.4ms)[0m  [1m[34mSELECT pg_try_advisory_lock(8575728061014197160)[0m
  ↳ /usr/local/bin/rake:23
  [1m[35m (0.7ms)[0m  [1m[34mSELECT "schema_migrations"."version" FROM "schema_migrations" ORDER BY "schema_migrations"."version" ASC[0m
  ↳ /usr/local/bin/rake:23
Migrating to CreateDepartments (20221116090411)
  [1m[35m (0.3ms)[0m  [1m[35mBEGIN[0m
  ↳ /usr/local/bin/rake:23
  [1m[35m (42.7ms)[0m  [1m[35mCREATE TABLE "departments" ("id" bigserial primary key, "dep_name" character varying, "created_at" timestamp NOT NULL, "updated_at" timestamp NOT NULL)[0m
  ↳ db/migrate/20221116090411_create_departments.rb:3
  [1m[36mActiveRecord::SchemaMigration Create (0.4ms)[0m  [1m[32mINSERT INTO "schema_migrations" ("version") VALUES ($1) RETURNING "version"[0m  [["version", "20221116090411"]]
  ↳ /usr/local/bin/rake:23
  [1m[35m (4.8ms)[0m  [1m[35mCOMMIT[0m
  ↳ /usr/local/bin/rake:23
  [1m[36mActiveRecord::InternalMetadata Load (0.4ms)[0m  [1m[34mSELECT  "ar_internal_metadata".* FROM "ar_internal_metadata" WHERE "ar_internal_metadata"."key" = $1 LIMIT $2[0m  [["key", "environment"], ["LIMIT", 1]]
  ↳ /usr/local/bin/rake:23
  [1m[35m (0.4ms)[0m  [1m[35mBEGIN[0m
  ↳ /usr/local/bin/rake:23
  [1m[35m (0.2ms)[0m  [1m[35mCOMMIT[0m
  ↳ /usr/local/bin/rake:23
  [1m[35m (0.3ms)[0m  [1m[34mSELECT pg_advisory_unlock(8575728061014197160)[0m
  ↳ /usr/local/bin/rake:23
  [1m[35m (0.3ms)[0m  [1m[34mSELECT "schema_migrations"."version" FROM "schema_migrations" ORDER BY "schema_migrations"."version" ASC[0m
  ↳ /usr/local/bin/rake:23
  [1m[35m (0.2ms)[0m  [1m[34mSELECT pg_try_advisory_lock(8575728061014197160)[0m
  ↳ /usr/local/bin/rake:23
  [1m[35m (0.6ms)[0m  [1m[34mSELECT "schema_migrations"."version" FROM "schema_migrations" ORDER BY "schema_migrations"."version" ASC[0m
  ↳ /usr/local/bin/rake:23
Migrating to CreateProfessors (20221116090623)
  [1m[35m (70.5ms)[0m  [1m[35mBEGIN[0m
  ↳ /usr/local/bin/rake:23
  [1m[35m (36.9ms)[0m  [1m[35mCREATE TABLE "professors" ("id" bigserial primary key, "pro_name" character varying, "department_id" bigint, "created_at" timestamp NOT NULL, "updated_at" timestamp NOT NULL, CONSTRAINT "fk_rails_499c232ad6"
FOREIGN KEY ("department_id")
  REFERENCES "departments" ("id")
)[0m
  ↳ db/migrate/20221116090623_create_professors.rb:3
  [1m[35m (18.6ms)[0m  [1m[35mCREATE  INDEX  "index_professors_on_department_id" ON "professors"  ("department_id")[0m
  ↳ db/migrate/20221116090623_create_professors.rb:3
  [1m[36mActiveRecord::SchemaMigration Create (0.5ms)[0m  [1m[32mINSERT INTO "schema_migrations" ("version") VALUES ($1) RETURNING "version"[0m  [["version", "20221116090623"]]
  ↳ /usr/local/bin/rake:23
  [1m[35m (4.5ms)[0m  [1m[35mCOMMIT[0m
  ↳ /usr/local/bin/rake:23
  [1m[36mActiveRecord::InternalMetadata Load (0.5ms)[0m  [1m[34mSELECT  "ar_internal_metadata".* FROM "ar_internal_metadata" WHERE "ar_internal_metadata"."key" = $1 LIMIT $2[0m  [["key", "environment"], ["LIMIT", 1]]
  ↳ /usr/local/bin/rake:23
  [1m[35m (0.3ms)[0m  [1m[35mBEGIN[0m
  ↳ /usr/local/bin/rake:23
  [1m[35m (0.2ms)[0m  [1m[35mCOMMIT[0m
  ↳ /usr/local/bin/rake:23
  [1m[35m (0.3ms)[0m  [1m[34mSELECT pg_advisory_unlock(8575728061014197160)[0m
  ↳ /usr/local/bin/rake:23
  [1m[35m (0.5ms)[0m  [1m[34mSELECT "schema_migrations"."version" FROM "schema_migrations" ORDER BY "schema_migrations"."version" ASC[0m
  ↳ /usr/local/bin/rake:23
  [1m[35m (0.2ms)[0m  [1m[34mSELECT pg_try_advisory_lock(8575728061014197160)[0m
  ↳ /usr/local/bin/rake:23
  [1m[35m (0.6ms)[0m  [1m[34mSELECT "schema_migrations"."version" FROM "schema_migrations" ORDER BY "schema_migrations"."version" ASC[0m
  ↳ /usr/local/bin/rake:23
Migrating to CreateClassLists (20221116091220)
  [1m[35m (0.3ms)[0m  [1m[35mBEGIN[0m
  ↳ /usr/local/bin/rake:23
  [1m[35m (0.2ms)[0m  [1m[31mROLLBACK[0m
  ↳ /usr/local/bin/rake:23
  [1m[35m (0.3ms)[0m  [1m[34mSELECT pg_advisory_unlock(8575728061014197160)[0m
  ↳ /usr/local/bin/rake:23
  [1m[35m (0.2ms)[0m  [1m[34mSELECT pg_try_advisory_lock(8575728061014197160)[0m
  ↳ /usr/local/bin/rake:23
  [1m[35m (0.7ms)[0m  [1m[34mSELECT "schema_migrations"."version" FROM "schema_migrations" ORDER BY "schema_migrations"."version" ASC[0m
  ↳ /usr/local/bin/rake:23
Migrating to CreateClassLists (20221116091220)
  [1m[35m (0.3ms)[0m  [1m[35mBEGIN[0m
  ↳ /usr/local/bin/rake:23
  [1m[35m (96.6ms)[0m  [1m[35mCREATE TABLE "class_lists" ("id" bigserial primary key, "c_name" character varying, "credit" integer, "classify" character varying, "sub_type" character varying, "sub_num" integer, "target_grade" integer, "limit_num" integer, "lecture_time" character varying, "department_id" bigint, "professor_id" bigint, "created_at" timestamp NOT NULL, "updated_at" timestamp NOT NULL, CONSTRAINT "fk_rails_48c6d58893"
FOREIGN KEY ("department_id")
  REFERENCES "departments" ("id")
, CONSTRAINT "fk_rails_60753b8d52"
FOREIGN KEY ("professor_id")
  REFERENCES "professors" ("id")
)[0m
  ↳ db/migrate/20221116091220_create_class_lists.rb:3
  [1m[35m (11.0ms)[0m  [1m[35mCREATE  INDEX  "index_class_lists_on_department_id" ON "class_lists"  ("department_id")[0m
  ↳ db/migrate/20221116091220_create_class_lists.rb:3
  [1m[35m (18.9ms)[0m  [1m[35mCREATE  INDEX  "index_class_lists_on_professor_id" ON "class_lists"  ("professor_id")[0m
  ↳ db/migrate/20221116091220_create_class_lists.rb:3
  [1m[36mActiveRecord::SchemaMigration Create (0.4ms)[0m  [1m[32mINSERT INTO "schema_migrations" ("version") VALUES ($1) RETURNING "version"[0m  [["version", "20221116091220"]]
  ↳ /usr/local/bin/rake:23
  [1m[35m (4.3ms)[0m  [1m[35mCOMMIT[0m
  ↳ /usr/local/bin/rake:23
  [1m[36mActiveRecord::InternalMetadata Load (0.4ms)[0m  [1m[34mSELECT  "ar_internal_metadata".* FROM "ar_internal_metadata" WHERE "ar_internal_metadata"."key" = $1 LIMIT $2[0m  [["key", "environment"], ["LIMIT", 1]]
  ↳ /usr/local/bin/rake:23
  [1m[35m (0.2ms)[0m  [1m[35mBEGIN[0m
  ↳ /usr/local/bin/rake:23
  [1m[35m (0.2ms)[0m  [1m[35mCOMMIT[0m
  ↳ /usr/local/bin/rake:23
  [1m[35m (0.3ms)[0m  [1m[34mSELECT pg_advisory_unlock(8575728061014197160)[0m
  ↳ /usr/local/bin/rake:23
  [1m[35m (0.3ms)[0m  [1m[34mSELECT "schema_migrations"."version" FROM "schema_migrations" ORDER BY "schema_migrations"."version" ASC[0m
  ↳ /usr/local/bin/rake:23
  [1m[35m (0.2ms)[0m  [1m[34mSELECT pg_try_advisory_lock(8575728061014197160)[0m
  ↳ /usr/local/bin/rake:23
  [1m[35m (0.8ms)[0m  [1m[34mSELECT "schema_migrations"."version" FROM "schema_migrations" ORDER BY "schema_migrations"."version" ASC[0m
  ↳ /usr/local/bin/rake:23
Migrating to DeviseCreateAttendees (20221116092923)
  [1m[35m (0.3ms)[0m  [1m[35mBEGIN[0m
  ↳ /usr/local/bin/rake:23
  [1m[35m (37.6ms)[0m  [1m[35mCREATE TABLE "attendees" ("id" bigserial primary key, "email" character varying DEFAULT '' NOT NULL, "encrypted_password" character varying DEFAULT '' NOT NULL, "reset_password_token" character varying, "reset_password_sent_at" timestamp, "remember_created_at" timestamp, "created_at" timestamp NOT NULL, "updated_at" timestamp NOT NULL)[0m
  ↳ db/migrate/20221116092923_devise_create_attendees.rb:5
  [1m[35m (12.7ms)[0m  [1m[35mCREATE UNIQUE INDEX  "index_attendees_on_email" ON "attendees"  ("email")[0m
  ↳ db/migrate/20221116092923_devise_create_attendees.rb:39
  [1m[35m (17.5ms)[0m  [1m[35mCREATE UNIQUE INDEX  "index_attendees_on_reset_password_token" ON "attendees"  ("reset_password_token")[0m
  ↳ db/migrate/20221116092923_devise_create_attendees.rb:40
  [1m[36mActiveRecord::SchemaMigration Create (0.3ms)[0m  [1m[32mINSERT INTO "schema_migrations" ("version") VALUES ($1) RETURNING "version"[0m  [["version", "20221116092923"]]
  ↳ /usr/local/bin/rake:23
  [1m[35m (9.1ms)[0m  [1m[35mCOMMIT[0m
  ↳ /usr/local/bin/rake:23
  [1m[36mActiveRecord::InternalMetadata Load (0.5ms)[0m  [1m[34mSELECT  "ar_internal_metadata".* FROM "ar_internal_metadata" WHERE "ar_internal_metadata"."key" = $1 LIMIT $2[0m  [["key", "environment"], ["LIMIT", 1]]
  ↳ /usr/local/bin/rake:23
  [1m[35m (0.2ms)[0m  [1m[35mBEGIN[0m
  ↳ /usr/local/bin/rake:23
  [1m[35m (0.1ms)[0m  [1m[35mCOMMIT[0m
  ↳ /usr/local/bin/rake:23
  [1m[35m (0.2ms)[0m  [1m[34mSELECT pg_advisory_unlock(8575728061014197160)[0m
  ↳ /usr/local/bin/rake:23
  [1m[35m (0.4ms)[0m  [1m[34mSELECT "schema_migrations"."version" FROM "schema_migrations" ORDER BY "schema_migrations"."version" ASC[0m
  ↳ /usr/local/bin/rake:23
  [1m[35m (0.2ms)[0m  [1m[34mSELECT pg_try_advisory_lock(8575728061014197160)[0m
  ↳ /usr/local/bin/rake:23
  [1m[35m (0.8ms)[0m  [1m[34mSELECT "schema_migrations"."version" FROM "schema_migrations" ORDER BY "schema_migrations"."version" ASC[0m
  ↳ /usr/local/bin/rake:23
Migrating to ChangeColumn (20221116093046)
  [1m[35m (0.3ms)[0m  [1m[35mBEGIN[0m
  ↳ /usr/local/bin/rake:23
  [1m[35m (0.6ms)[0m  [1m[35mALTER TABLE "attendees" ADD "a_name" character varying[0m
  ↳ db/migrate/20221116093046_change_column.rb:3
  [1m[35m (0.4ms)[0m  [1m[35mALTER TABLE "attendees" ADD "a_num" integer[0m
  ↳ db/migrate/20221116093046_change_column.rb:4
  [1m[35m (0.3ms)[0m  [1m[35mALTER TABLE "attendees" ADD "grade" integer[0m
  ↳ db/migrate/20221116093046_change_column.rb:5
  [1m[35m (0.4ms)[0m  [1m[35mALTER TABLE "attendees" ADD "admin" boolean[0m
  ↳ db/migrate/20221116093046_change_column.rb:6
  [1m[35m (0.8ms)[0m  [1m[35mALTER TABLE "attendees" ADD CONSTRAINT "fk_rails_fad70cfa5e"
FOREIGN KEY ("department_id")
  REFERENCES "departments" ("id")
[0m
  ↳ db/migrate/20221116093046_change_column.rb:7
  [1m[35m (0.2ms)[0m  [1m[31mROLLBACK[0m
  ↳ /usr/local/bin/rake:23
  [1m[35m (0.2ms)[0m  [1m[34mSELECT pg_advisory_unlock(8575728061014197160)[0m
  ↳ /usr/local/bin/rake:23
  [1m[35m (0.2ms)[0m  [1m[34mSELECT pg_try_advisory_lock(8575728061014197160)[0m
  ↳ /usr/local/bin/rake:23
  [1m[35m (0.8ms)[0m  [1m[34mSELECT "schema_migrations"."version" FROM "schema_migrations" ORDER BY "schema_migrations"."version" ASC[0m
  ↳ /usr/local/bin/rake:23
Migrating to ChangeColumn (20221116093046)
  [1m[35m (0.3ms)[0m  [1m[35mBEGIN[0m
  ↳ /usr/local/bin/rake:23
  [1m[35m (0.6ms)[0m  [1m[35mALTER TABLE "attendees" ADD "a_name" character varying[0m
  ↳ db/migrate/20221116093046_change_column.rb:3
  [1m[35m (0.8ms)[0m  [1m[35mALTER TABLE "attendees" ADD "a_num" integer[0m
  ↳ db/migrate/20221116093046_change_column.rb:4
  [1m[35m (0.3ms)[0m  [1m[35mALTER TABLE "attendees" ADD "grade" integer[0m
  ↳ db/migrate/20221116093046_change_column.rb:5
  [1m[35m (0.4ms)[0m  [1m[35mALTER TABLE "attendees" ADD "admin" boolean[0m
  ↳ db/migrate/20221116093046_change_column.rb:6
  [1m[35m (0.8ms)[0m  [1m[35mALTER TABLE "attendees" ADD CONSTRAINT "fk_rails_fad70cfa5e"
FOREIGN KEY ("department_id")
  REFERENCES "departments" ("id")
[0m
  ↳ db/migrate/20221116093046_change_column.rb:7
  [1m[35m (0.2ms)[0m  [1m[31mROLLBACK[0m
  ↳ /usr/local/bin/rake:23
  [1m[35m (0.3ms)[0m  [1m[34mSELECT pg_advisory_unlock(8575728061014197160)[0m
  ↳ /usr/local/bin/rake:23
  [1m[35m (0.2ms)[0m  [1m[34mSELECT pg_try_advisory_lock(8575728061014197160)[0m
  ↳ /usr/local/bin/rake:23
  [1m[35m (0.8ms)[0m  [1m[34mSELECT "schema_migrations"."version" FROM "schema_migrations" ORDER BY "schema_migrations"."version" ASC[0m
  ↳ /usr/local/bin/rake:23
Migrating to ChangeColumn (20221116093046)
  [1m[35m (0.3ms)[0m  [1m[35mBEGIN[0m
  ↳ /usr/local/bin/rake:23
  [1m[35m (0.6ms)[0m  [1m[35mALTER TABLE "attendees" ADD "a_name" character varying[0m
  ↳ db/migrate/20221116093046_change_column.rb:3
  [1m[35m (0.3ms)[0m  [1m[35mALTER TABLE "attendees" ADD "a_num" integer[0m
  ↳ db/migrate/20221116093046_change_column.rb:4
  [1m[35m (0.3ms)[0m  [1m[35mALTER TABLE "attendees" ADD "grade" integer[0m
  ↳ db/migrate/20221116093046_change_column.rb:5
  [1m[35m (0.5ms)[0m  [1m[35mALTER TABLE "attendees" ADD "admin" boolean[0m
  ↳ db/migrate/20221116093046_change_column.rb:6
  [1m[36mActiveRecord::SchemaMigration Create (0.5ms)[0m  [1m[32mINSERT INTO "schema_migrations" ("version") VALUES ($1) RETURNING "version"[0m  [["version", "20221116093046"]]
  ↳ /usr/local/bin/rake:23
  [1m[35m (5.8ms)[0m  [1m[35mCOMMIT[0m
  ↳ /usr/local/bin/rake:23
  [1m[36mActiveRecord::InternalMetadata Load (0.4ms)[0m  [1m[34mSELECT  "ar_internal_metadata".* FROM "ar_internal_metadata" WHERE "ar_internal_metadata"."key" = $1 LIMIT $2[0m  [["key", "environment"], ["LIMIT", 1]]
  ↳ /usr/local/bin/rake:23
  [1m[35m (0.2ms)[0m  [1m[35mBEGIN[0m
  ↳ /usr/local/bin/rake:23
  [1m[35m (0.2ms)[0m  [1m[35mCOMMIT[0m
  ↳ /usr/local/bin/rake:23
  [1m[35m (0.2ms)[0m  [1m[34mSELECT pg_advisory_unlock(8575728061014197160)[0m
  ↳ /usr/local/bin/rake:23
  [1m[35m (0.3ms)[0m  [1m[34mSELECT "schema_migrations"."version" FROM "schema_migrations" ORDER BY "schema_migrations"."version" ASC[0m
  ↳ /usr/local/bin/rake:23
  [1m[35m (0.2ms)[0m  [1m[34mSELECT pg_try_advisory_lock(8575728061014197160)[0m
  ↳ /usr/local/bin/rake:23
  [1m[35m (70.9ms)[0m  [1m[34mSELECT "schema_migrations"."version" FROM "schema_migrations" ORDER BY "schema_migrations"."version" ASC[0m
  ↳ /usr/local/bin/rake:23
Migrating to ChangeColumn2 (20221116094523)
  [1m[35m (0.3ms)[0m  [1m[35mBEGIN[0m
  ↳ /usr/local/bin/rake:23
  [1m[35m (0.6ms)[0m  [1m[35mALTER TABLE "articles" ADD CONSTRAINT "fk_rails_e74ce85cbc"
FOREIGN KEY ("author_id")
  REFERENCES "authors" ("id")
 ON DELETE CASCADE[0m
  ↳ db/migrate/20221116094523_change_column2.rb:3
  [1m[35m (0.2ms)[0m  [1m[31mROLLBACK[0m
  ↳ /usr/local/bin/rake:23
  [1m[35m (0.2ms)[0m  [1m[34mSELECT pg_advisory_unlock(8575728061014197160)[0m
  ↳ /usr/local/bin/rake:23
  [1m[35m (0.3ms)[0m  [1m[34mSELECT pg_try_advisory_lock(8575728061014197160)[0m
  ↳ /usr/local/bin/rake:23
  [1m[35m (80.9ms)[0m  [1m[34mSELECT "schema_migrations"."version" FROM "schema_migrations" ORDER BY "schema_migrations"."version" ASC[0m
  ↳ /usr/local/bin/rake:23
Migrating to ChangeColumn2 (20221116094523)
  [1m[35m (0.3ms)[0m  [1m[35mBEGIN[0m
  ↳ /usr/local/bin/rake:23
  [1m[35m (1.1ms)[0m  [1m[35mALTER TABLE "attendees" ADD CONSTRAINT "fk_rails_fad70cfa5e"
FOREIGN KEY ("department_id")
  REFERENCES "departments" ("id")
 ON DELETE CASCADE[0m
  ↳ db/migrate/20221116094523_change_column2.rb:3
  [1m[35m (0.2ms)[0m  [1m[31mROLLBACK[0m
  ↳ /usr/local/bin/rake:23
  [1m[35m (0.4ms)[0m  [1m[34mSELECT pg_advisory_unlock(8575728061014197160)[0m
  ↳ /usr/local/bin/rake:23
  [1m[35m (0.2ms)[0m  [1m[34mSELECT pg_try_advisory_lock(8575728061014197160)[0m
  ↳ /usr/local/bin/rake:23
  [1m[35m (9.8ms)[0m  [1m[34mSELECT "schema_migrations"."version" FROM "schema_migrations" ORDER BY "schema_migrations"."version" ASC[0m
  ↳ /usr/local/bin/rake:23
Migrating to ChangeColumn2 (20221116094523)
  [1m[35m (0.2ms)[0m  [1m[35mBEGIN[0m
  ↳ /usr/local/bin/rake:23
  [1m[35m (0.5ms)[0m  [1m[35mALTER TABLE "attendees" ADD "departments_id" bigint[0m
  ↳ db/migrate/20221116094523_change_column2.rb:3
  [1m[35m (14.7ms)[0m  [1m[35mCREATE  INDEX  "index_attendees_on_departments_id" ON "attendees"  ("departments_id")[0m
  ↳ db/migrate/20221116094523_change_column2.rb:3
  [1m[35m (1.3ms)[0m  [1m[35mALTER TABLE "attendees" ADD CONSTRAINT "fk_rails_fad70cfa5e"
FOREIGN KEY ("department_id")
  REFERENCES "departments" ("id")
 ON DELETE CASCADE[0m
  ↳ db/migrate/20221116094523_change_column2.rb:4
  [1m[35m (0.2ms)[0m  [1m[31mROLLBACK[0m
  ↳ /usr/local/bin/rake:23
  [1m[35m (65.0ms)[0m  [1m[34mSELECT pg_advisory_unlock(8575728061014197160)[0m
  ↳ /usr/local/bin/rake:23
  [1m[35m (0.2ms)[0m  [1m[34mSELECT pg_try_advisory_lock(8575728061014197160)[0m
  ↳ /usr/local/bin/rake:23
  [1m[35m (0.8ms)[0m  [1m[34mSELECT "schema_migrations"."version" FROM "schema_migrations" ORDER BY "schema_migrations"."version" ASC[0m
  ↳ /usr/local/bin/rake:23
Migrating to ChangeColumn2 (20221116094523)
  [1m[35m (0.2ms)[0m  [1m[35mBEGIN[0m
  ↳ /usr/local/bin/rake:23
  [1m[35m (0.6ms)[0m  [1m[35mALTER TABLE "attendees" ADD "departments_id" bigint[0m
  ↳ db/migrate/20221116094523_change_column2.rb:3
  [1m[35m (88.7ms)[0m  [1m[35mCREATE  INDEX  "index_attendees_on_departments_id" ON "attendees"  ("departments_id")[0m
  ↳ db/migrate/20221116094523_change_column2.rb:3
  [1m[35m (1.1ms)[0m  [1m[35mALTER TABLE "attendees" ADD CONSTRAINT "fk_rails_fad70cfa5e"
FOREIGN KEY ("department_id")
  REFERENCES "departments" ("id")
 ON DELETE CASCADE[0m
  ↳ db/migrate/20221116094523_change_column2.rb:4
  [1m[35m (0.2ms)[0m  [1m[31mROLLBACK[0m
  ↳ /usr/local/bin/rake:23
  [1m[35m (0.2ms)[0m  [1m[34mSELECT pg_advisory_unlock(8575728061014197160)[0m
  ↳ /usr/local/bin/rake:23
  [1m[35m (0.4ms)[0m  [1m[34mSELECT pg_try_advisory_lock(8575728061014197160)[0m
  ↳ /usr/local/bin/rake:23
  [1m[35m (0.6ms)[0m  [1m[34mSELECT "schema_migrations"."version" FROM "schema_migrations" ORDER BY "schema_migrations"."version" ASC[0m
  ↳ /usr/local/bin/rake:23
Migrating to ChangeColumn2 (20221116094523)
  [1m[35m (0.2ms)[0m  [1m[35mBEGIN[0m
  ↳ /usr/local/bin/rake:23
  [1m[35m (0.5ms)[0m  [1m[35mALTER TABLE "attendees" ADD "departments_id" bigint[0m
  ↳ db/migrate/20221116094523_change_column2.rb:3
  [1m[35m (16.0ms)[0m  [1m[35mCREATE  INDEX  "index_attendees_on_departments_id" ON "attendees"  ("departments_id")[0m
  ↳ db/migrate/20221116094523_change_column2.rb:3
  [1m[35m (1.2ms)[0m  [1m[35mALTER TABLE "attendees" ADD CONSTRAINT "fk_rails_fad70cfa5e"
FOREIGN KEY ("department_id")
  REFERENCES "departments" ("id")
 ON DELETE CASCADE[0m
  ↳ db/migrate/20221116094523_change_column2.rb:4
  [1m[35m (0.2ms)[0m  [1m[31mROLLBACK[0m
  ↳ /usr/local/bin/rake:23
  [1m[35m (0.3ms)[0m  [1m[34mSELECT pg_advisory_unlock(8575728061014197160)[0m
  ↳ /usr/local/bin/rake:23
  [1m[35m (0.3ms)[0m  [1m[34mSELECT pg_try_advisory_lock(8575728061014197160)[0m
  ↳ /usr/local/bin/rake:23
  [1m[35m (4.4ms)[0m  [1m[34mSELECT "schema_migrations"."version" FROM "schema_migrations" ORDER BY "schema_migrations"."version" ASC[0m
  ↳ /usr/local/bin/rake:23
Migrating to ChangeColumn2 (20221116094523)
  [1m[35m (0.3ms)[0m  [1m[35mBEGIN[0m
  ↳ /usr/local/bin/rake:23
  [1m[35m (12.2ms)[0m  [1m[35mALTER TABLE "attendees" ADD "departments_id" bigint[0m
  ↳ db/migrate/20221116094523_change_column2.rb:3
  [1m[35m (59.3ms)[0m  [1m[35mCREATE  INDEX  "index_attendees_on_departments_id" ON "attendees"  ("departments_id")[0m
  ↳ db/migrate/20221116094523_change_column2.rb:3
  [1m[35m (5.7ms)[0m  [1m[35mALTER TABLE "attendees" ADD CONSTRAINT "fk_rails_fad70cfa5e"
FOREIGN KEY ("department_id")
  REFERENCES "departments" ("id")
 ON DELETE CASCADE[0m
  ↳ db/migrate/20221116094523_change_column2.rb:4
  [1m[35m (0.3ms)[0m  [1m[31mROLLBACK[0m
  ↳ /usr/local/bin/rake:23
  [1m[35m (0.4ms)[0m  [1m[34mSELECT pg_advisory_unlock(8575728061014197160)[0m
  ↳ /usr/local/bin/rake:23
  [1m[35m (0.3ms)[0m  [1m[34mSELECT pg_try_advisory_lock(8575728061014197160)[0m
  ↳ /usr/local/bin/rake:23
  [1m[35m (1.0ms)[0m  [1m[34mSELECT "schema_migrations"."version" FROM "schema_migrations" ORDER BY "schema_migrations"."version" ASC[0m
  ↳ /usr/local/bin/rake:23
Migrating to ChangeColumn2 (20221116094523)
  [1m[35m (0.2ms)[0m  [1m[35mBEGIN[0m
  ↳ /usr/local/bin/rake:23
  [1m[35m (0.7ms)[0m  [1m[35mALTER TABLE "attendees" ADD "departments_id" bigint[0m
  ↳ db/migrate/20221116094523_change_column2.rb:3
  [1m[35m (13.0ms)[0m  [1m[35mCREATE  INDEX  "index_attendees_on_departments_id" ON "attendees"  ("departments_id")[0m
  ↳ db/migrate/20221116094523_change_column2.rb:3
  [1m[35m (1.2ms)[0m  [1m[35mALTER TABLE "attendees" ADD CONSTRAINT "fk_rails_fad70cfa5e"
FOREIGN KEY ("department_id")
  REFERENCES "departments" ("id")
 ON DELETE CASCADE[0m
  ↳ db/migrate/20221116094523_change_column2.rb:4
  [1m[35m (0.2ms)[0m  [1m[31mROLLBACK[0m
  ↳ /usr/local/bin/rake:23
  [1m[35m (0.3ms)[0m  [1m[34mSELECT pg_advisory_unlock(8575728061014197160)[0m
  ↳ /usr/local/bin/rake:23
  [1m[35m (0.3ms)[0m  [1m[34mSELECT pg_try_advisory_lock(8575728061014197160)[0m
  ↳ /usr/local/bin/rake:23
  [1m[35m (1.1ms)[0m  [1m[34mSELECT "schema_migrations"."version" FROM "schema_migrations" ORDER BY "schema_migrations"."version" ASC[0m
  ↳ /usr/local/bin/rake:23
Migrating to DeviseCreateStudents (20221116095508)
  [1m[35m (0.3ms)[0m  [1m[35mBEGIN[0m
  ↳ /usr/local/bin/rake:23
  [1m[35m (131.8ms)[0m  [1m[35mCREATE TABLE "students" ("id" bigserial primary key, "email" character varying DEFAULT '' NOT NULL, "encrypted_password" character varying DEFAULT '' NOT NULL, "reset_password_token" character varying, "reset_password_sent_at" timestamp, "remember_created_at" timestamp, "department_id" bigint, "created_at" timestamp NOT NULL, "updated_at" timestamp NOT NULL, CONSTRAINT "fk_rails_96a32b5819"
FOREIGN KEY ("department_id")
  REFERENCES "departments" ("id")
)[0m
  ↳ db/migrate/20221116095508_devise_create_students.rb:5
  [1m[35m (12.3ms)[0m  [1m[35mCREATE  INDEX  "index_students_on_department_id" ON "students"  ("department_id")[0m
  ↳ db/migrate/20221116095508_devise_create_students.rb:5
  [1m[35m (12.2ms)[0m  [1m[35mCREATE UNIQUE INDEX  "index_students_on_email" ON "students"  ("email")[0m
  ↳ db/migrate/20221116095508_devise_create_students.rb:40
  [1m[35m (17.3ms)[0m  [1m[35mCREATE UNIQUE INDEX  "index_students_on_reset_password_token" ON "students"  ("reset_password_token")[0m
  ↳ db/migrate/20221116095508_devise_create_students.rb:41
  [1m[36mActiveRecord::SchemaMigration Create (0.7ms)[0m  [1m[32mINSERT INTO "schema_migrations" ("version") VALUES ($1) RETURNING "version"[0m  [["version", "20221116095508"]]
  ↳ /usr/local/bin/rake:23
  [1m[35m (7.3ms)[0m  [1m[35mCOMMIT[0m
  ↳ /usr/local/bin/rake:23
Migrating to CreateBbbs (20221116100205)
  [1m[35m (0.4ms)[0m  [1m[35mBEGIN[0m
  ↳ /usr/local/bin/rake:23
  [1m[35m (19.5ms)[0m  [1m[35mCREATE TABLE "bbbs" ("id" bigserial primary key, "department_id" bigint, "created_at" timestamp NOT NULL, "updated_at" timestamp NOT NULL, CONSTRAINT "fk_rails_6fa8f9ac06"
FOREIGN KEY ("department_id")
  REFERENCES "departments" ("id")
)[0m
  ↳ db/migrate/20221116100205_create_bbbs.rb:3
  [1m[35m (11.3ms)[0m  [1m[35mCREATE  INDEX  "index_bbbs_on_department_id" ON "bbbs"  ("department_id")[0m
  ↳ db/migrate/20221116100205_create_bbbs.rb:3
  [1m[36mActiveRecord::SchemaMigration Create (0.4ms)[0m  [1m[32mINSERT INTO "schema_migrations" ("version") VALUES ($1) RETURNING "version"[0m  [["version", "20221116100205"]]
  ↳ /usr/local/bin/rake:23
  [1m[35m (4.3ms)[0m  [1m[35mCOMMIT[0m
  ↳ /usr/local/bin/rake:23
  [1m[36mActiveRecord::InternalMetadata Load (3.0ms)[0m  [1m[34mSELECT  "ar_internal_metadata".* FROM "ar_internal_metadata" WHERE "ar_internal_metadata"."key" = $1 LIMIT $2[0m  [["key", "environment"], ["LIMIT", 1]]
  ↳ /usr/local/bin/rake:23
  [1m[35m (22.5ms)[0m  [1m[35mBEGIN[0m
  ↳ /usr/local/bin/rake:23
  [1m[35m (0.3ms)[0m  [1m[35mCOMMIT[0m
  ↳ /usr/local/bin/rake:23
  [1m[35m (0.3ms)[0m  [1m[34mSELECT pg_advisory_unlock(8575728061014197160)[0m
  ↳ /usr/local/bin/rake:23
  [1m[35m (0.4ms)[0m  [1m[34mSELECT "schema_migrations"."version" FROM "schema_migrations" ORDER BY "schema_migrations"."version" ASC[0m
  ↳ /usr/local/bin/rake:23
  [1m[35m (0.3ms)[0m  [1m[34mSELECT pg_try_advisory_lock(8575728061014197160)[0m
  ↳ /usr/local/bin/rake:23
  [1m[35m (22.7ms)[0m  [1m[34mSELECT "schema_migrations"."version" FROM "schema_migrations" ORDER BY "schema_migrations"."version" ASC[0m
  ↳ /usr/local/bin/rake:23
Migrating to Bbb (20221116130258)
  [1m[35m (0.3ms)[0m  [1m[35mBEGIN[0m
  ↳ /usr/local/bin/rake:23
  [1m[35m (46.9ms)[0m  [1m[35mDROP TABLE "bbbs"[0m
  ↳ db/migrate/20221116130258_bbb.rb:3
  [1m[36mActiveRecord::SchemaMigration Create (38.2ms)[0m  [1m[32mINSERT INTO "schema_migrations" ("version") VALUES ($1) RETURNING "version"[0m  [["version", "20221116130258"]]
  ↳ /usr/local/bin/rake:23
  [1m[35m (4.4ms)[0m  [1m[35mCOMMIT[0m
  ↳ /usr/local/bin/rake:23
  [1m[36mActiveRecord::InternalMetadata Load (1.8ms)[0m  [1m[34mSELECT  "ar_internal_metadata".* FROM "ar_internal_metadata" WHERE "ar_internal_metadata"."key" = $1 LIMIT $2[0m  [["key", "environment"], ["LIMIT", 1]]
  ↳ /usr/local/bin/rake:23
  [1m[35m (0.2ms)[0m  [1m[35mBEGIN[0m
  ↳ /usr/local/bin/rake:23
  [1m[35m (0.2ms)[0m  [1m[35mCOMMIT[0m
  ↳ /usr/local/bin/rake:23
  [1m[35m (0.3ms)[0m  [1m[34mSELECT pg_advisory_unlock(8575728061014197160)[0m
  ↳ /usr/local/bin/rake:23
  [1m[35m (0.3ms)[0m  [1m[34mSELECT "schema_migrations"."version" FROM "schema_migrations" ORDER BY "schema_migrations"."version" ASC[0m
  ↳ /usr/local/bin/rake:23
  [1m[35m (0.3ms)[0m  [1m[34mSELECT pg_try_advisory_lock(8575728061014197160)[0m
  ↳ /usr/local/bin/rake:23
  [1m[35m (1.1ms)[0m  [1m[34mSELECT "schema_migrations"."version" FROM "schema_migrations" ORDER BY "schema_migrations"."version" ASC[0m
  ↳ /usr/local/bin/rake:23
  [1m[36mActiveRecord::InternalMetadata Load (0.5ms)[0m  [1m[34mSELECT  "ar_internal_metadata".* FROM "ar_internal_metadata" WHERE "ar_internal_metadata"."key" = $1 LIMIT $2[0m  [["key", "environment"], ["LIMIT", 1]]
  ↳ /usr/local/bin/rake:23
  [1m[35m (0.7ms)[0m  [1m[35mBEGIN[0m
  ↳ /usr/local/bin/rake:23
  [1m[35m (0.4ms)[0m  [1m[35mCOMMIT[0m
  ↳ /usr/local/bin/rake:23
  [1m[35m (0.3ms)[0m  [1m[34mSELECT pg_advisory_unlock(8575728061014197160)[0m
  ↳ /usr/local/bin/rake:23
  [1m[35m (0.4ms)[0m  [1m[34mSELECT "schema_migrations"."version" FROM "schema_migrations" ORDER BY "schema_migrations"."version" ASC[0m
  ↳ /usr/local/bin/rake:23
  [1m[35m (0.2ms)[0m  [1m[34mSELECT pg_try_advisory_lock(8575728061014197160)[0m
  ↳ /usr/local/bin/rake:23
  [1m[35m (0.7ms)[0m  [1m[34mSELECT "schema_migrations"."version" FROM "schema_migrations" ORDER BY "schema_migrations"."version" ASC[0m
  ↳ /usr/local/bin/rake:23
Migrating to Student (20221116131128)
  [1m[35m (1.4ms)[0m  [1m[35mBEGIN[0m
  ↳ /usr/local/bin/rake:23
  [1m[35m (81.0ms)[0m  [1m[35mDROP TABLE "students"[0m
  ↳ db/migrate/20221116131128_student.rb:3
  [1m[36mActiveRecord::SchemaMigration Create (0.5ms)[0m  [1m[32mINSERT INTO "schema_migrations" ("version") VALUES ($1) RETURNING "version"[0m  [["version", "20221116131128"]]
  ↳ /usr/local/bin/rake:23
  [1m[35m (4.2ms)[0m  [1m[35mCOMMIT[0m
  ↳ /usr/local/bin/rake:23
  [1m[36mActiveRecord::InternalMetadata Load (0.4ms)[0m  [1m[34mSELECT  "ar_internal_metadata".* FROM "ar_internal_metadata" WHERE "ar_internal_metadata"."key" = $1 LIMIT $2[0m  [["key", "environment"], ["LIMIT", 1]]
  ↳ /usr/local/bin/rake:23
  [1m[35m (0.3ms)[0m  [1m[35mBEGIN[0m
  ↳ /usr/local/bin/rake:23
  [1m[35m (0.2ms)[0m  [1m[35mCOMMIT[0m
  ↳ /usr/local/bin/rake:23
  [1m[35m (0.5ms)[0m  [1m[34mSELECT pg_advisory_unlock(8575728061014197160)[0m
  ↳ /usr/local/bin/rake:23
  [1m[35m (0.3ms)[0m  [1m[34mSELECT "schema_migrations"."version" FROM "schema_migrations" ORDER BY "schema_migrations"."version" ASC[0m
  ↳ /usr/local/bin/rake:23
  [1m[35m (0.3ms)[0m  [1m[34mSELECT pg_try_advisory_lock(8575728061014197160)[0m
  ↳ /usr/local/bin/rake:23
  [1m[35m (3.3ms)[0m  [1m[34mSELECT "schema_migrations"."version" FROM "schema_migrations" ORDER BY "schema_migrations"."version" ASC[0m
  ↳ /usr/local/bin/rake:23
Migrating to User (20221116132921)
  [1m[35m (0.4ms)[0m  [1m[35mBEGIN[0m
  ↳ /usr/local/bin/rake:23
  [1m[35m (30.1ms)[0m  [1m[35mDROP TABLE "users"[0m
  ↳ db/migrate/20221116132921_user.rb:3
  [1m[36mActiveRecord::SchemaMigration Create (0.6ms)[0m  [1m[32mINSERT INTO "schema_migrations" ("version") VALUES ($1) RETURNING "version"[0m  [["version", "20221116132921"]]
  ↳ /usr/local/bin/rake:23
  [1m[35m (5.8ms)[0m  [1m[35mCOMMIT[0m
  ↳ /usr/local/bin/rake:23
  [1m[36mActiveRecord::InternalMetadata Load (3.1ms)[0m  [1m[34mSELECT  "ar_internal_metadata".* FROM "ar_internal_metadata" WHERE "ar_internal_metadata"."key" = $1 LIMIT $2[0m  [["key", "environment"], ["LIMIT", 1]]
  ↳ /usr/local/bin/rake:23
  [1m[35m (0.3ms)[0m  [1m[35mBEGIN[0m
  ↳ /usr/local/bin/rake:23
  [1m[35m (0.3ms)[0m  [1m[35mCOMMIT[0m
  ↳ /usr/local/bin/rake:23
  [1m[35m (0.4ms)[0m  [1m[34mSELECT pg_advisory_unlock(8575728061014197160)[0m
  ↳ /usr/local/bin/rake:23
  [1m[35m (0.7ms)[0m  [1m[34mSELECT "schema_migrations"."version" FROM "schema_migrations" ORDER BY "schema_migrations"."version" ASC[0m
  ↳ /usr/local/bin/rake:23
  [1m[35m (0.4ms)[0m  [1m[34mSELECT pg_try_advisory_lock(8575728061014197160)[0m
  ↳ /usr/local/bin/rake:23
  [1m[35m (1.1ms)[0m  [1m[34mSELECT "schema_migrations"."version" FROM "schema_migrations" ORDER BY "schema_migrations"."version" ASC[0m
  ↳ /usr/local/bin/rake:23
Migrating to DeviseCreateStudents (20221116133254)
  [1m[35m (2.8ms)[0m  [1m[35mBEGIN[0m
  ↳ /usr/local/bin/rake:23
  [1m[35m (123.3ms)[0m  [1m[35mCREATE TABLE "students" ("id" bigserial primary key, "email" character varying DEFAULT '' NOT NULL, "encrypted_password" character varying DEFAULT '' NOT NULL, "reset_password_token" character varying, "reset_password_sent_at" timestamp, "remember_created_at" timestamp, "department_id" bigint, "created_at" timestamp NOT NULL, "updated_at" timestamp NOT NULL, CONSTRAINT "fk_rails_96a32b5819"
FOREIGN KEY ("department_id")
  REFERENCES "departments" ("id")
)[0m
  ↳ db/migrate/20221116133254_devise_create_students.rb:5
  [1m[35m (10.7ms)[0m  [1m[35mCREATE  INDEX  "index_students_on_department_id" ON "students"  ("department_id")[0m
  ↳ db/migrate/20221116133254_devise_create_students.rb:5
  [1m[35m (10.5ms)[0m  [1m[35mCREATE UNIQUE INDEX  "index_students_on_email" ON "students"  ("email")[0m
  ↳ db/migrate/20221116133254_devise_create_students.rb:40
  [1m[35m (10.3ms)[0m  [1m[35mCREATE UNIQUE INDEX  "index_students_on_reset_password_token" ON "students"  ("reset_password_token")[0m
  ↳ db/migrate/20221116133254_devise_create_students.rb:41
  [1m[36mActiveRecord::SchemaMigration Create (0.4ms)[0m  [1m[32mINSERT INTO "schema_migrations" ("version") VALUES ($1) RETURNING "version"[0m  [["version", "20221116133254"]]
  ↳ /usr/local/bin/rake:23
  [1m[35m (6.4ms)[0m  [1m[35mCOMMIT[0m
  ↳ /usr/local/bin/rake:23
  [1m[36mActiveRecord::InternalMetadata Load (0.5ms)[0m  [1m[34mSELECT  "ar_internal_metadata".* FROM "ar_internal_metadata" WHERE "ar_internal_metadata"."key" = $1 LIMIT $2[0m  [["key", "environment"], ["LIMIT", 1]]
  ↳ /usr/local/bin/rake:23
  [1m[35m (0.3ms)[0m  [1m[35mBEGIN[0m
  ↳ /usr/local/bin/rake:23
  [1m[35m (0.2ms)[0m  [1m[35mCOMMIT[0m
  ↳ /usr/local/bin/rake:23
  [1m[35m (0.3ms)[0m  [1m[34mSELECT pg_advisory_unlock(8575728061014197160)[0m
  ↳ /usr/local/bin/rake:23
  [1m[35m (0.3ms)[0m  [1m[34mSELECT "schema_migrations"."version" FROM "schema_migrations" ORDER BY "schema_migrations"."version" ASC[0m
  ↳ /usr/local/bin/rake:23
  [1m[35m (0.3ms)[0m  [1m[34mSELECT pg_try_advisory_lock(8575728061014197160)[0m
  ↳ /usr/local/bin/rake:23
  [1m[35m (0.7ms)[0m  [1m[34mSELECT "schema_migrations"."version" FROM "schema_migrations" ORDER BY "schema_migrations"."version" ASC[0m
  ↳ /usr/local/bin/rake:23
Migrating to Attendee (20221116133808)
  [1m[35m (0.3ms)[0m  [1m[35mBEGIN[0m
  ↳ /usr/local/bin/rake:23
  [1m[35m (2.2ms)[0m  [1m[35mDROP TABLE "attendees"[0m
  ↳ db/migrate/20221116133808_attendee.rb:3
  [1m[36mActiveRecord::SchemaMigration Create (0.4ms)[0m  [1m[32mINSERT INTO "schema_migrations" ("version") VALUES ($1) RETURNING "version"[0m  [["version", "20221116133808"]]
  ↳ /usr/local/bin/rake:23
  [1m[35m (7.8ms)[0m  [1m[35mCOMMIT[0m
  ↳ /usr/local/bin/rake:23
  [1m[36mActiveRecord::InternalMetadata Load (0.4ms)[0m  [1m[34mSELECT  "ar_internal_metadata".* FROM "ar_internal_metadata" WHERE "ar_internal_metadata"."key" = $1 LIMIT $2[0m  [["key", "environment"], ["LIMIT", 1]]
  ↳ /usr/local/bin/rake:23
  [1m[35m (0.3ms)[0m  [1m[35mBEGIN[0m
  ↳ /usr/local/bin/rake:23
  [1m[35m (0.2ms)[0m  [1m[35mCOMMIT[0m
  ↳ /usr/local/bin/rake:23
  [1m[35m (0.3ms)[0m  [1m[34mSELECT pg_advisory_unlock(8575728061014197160)[0m
  ↳ /usr/local/bin/rake:23
  [1m[35m (0.3ms)[0m  [1m[34mSELECT "schema_migrations"."version" FROM "schema_migrations" ORDER BY "schema_migrations"."version" ASC[0m
  ↳ /usr/local/bin/rake:23
  [1m[35m (0.4ms)[0m  [1m[34mSELECT pg_try_advisory_lock(8575728061014197160)[0m
  ↳ /usr/local/bin/rake:23
  [1m[35m (2.2ms)[0m  [1m[34mSELECT "schema_migrations"."version" FROM "schema_migrations" ORDER BY "schema_migrations"."version" ASC[0m
  ↳ /usr/local/bin/rake:23
Migrating to CreateClassStatuses (20221117070416)
  [1m[35m (0.2ms)[0m  [1m[35mBEGIN[0m
  ↳ /usr/local/bin/rake:23
  [1m[35m (18.7ms)[0m  [1m[35mCREATE TABLE "class_statuses" ("id" bigserial primary key, "status" character varying, "score" integer, "student_id" bigint, "class_list_id" bigint, "created_at" timestamp NOT NULL, "updated_at" timestamp NOT NULL, CONSTRAINT "fk_rails_eeab08e77e"
FOREIGN KEY ("student_id")
  REFERENCES "students" ("id")
, CONSTRAINT "fk_rails_63f41a75de"
FOREIGN KEY ("class_list_id")
  REFERENCES "class_lists" ("id")
)[0m
  ↳ db/migrate/20221117070416_create_class_statuses.rb:3
  [1m[35m (0.3ms)[0m  [1m[31mROLLBACK[0m
  ↳ /usr/local/bin/rake:23
  [1m[35m (58.7ms)[0m  [1m[34mSELECT pg_advisory_unlock(8575728061014197160)[0m
  ↳ /usr/local/bin/rake:23
  [1m[35m (0.3ms)[0m  [1m[34mSELECT pg_try_advisory_lock(8575728061014197160)[0m
  ↳ /usr/local/bin/rake:23
  [1m[35m (1.3ms)[0m  [1m[34mSELECT "schema_migrations"."version" FROM "schema_migrations" ORDER BY "schema_migrations"."version" ASC[0m
  ↳ /usr/local/bin/rake:23
Migrating to ClassStatus (20221117070819)
  [1m[35m (0.3ms)[0m  [1m[35mBEGIN[0m
  ↳ /usr/local/bin/rake:23
  [1m[35m (261.9ms)[0m  [1m[35mDROP TABLE "class_statuses"[0m
  ↳ db/migrate/20221117070819_class_status.rb:3
  [1m[36mActiveRecord::SchemaMigration Create (0.6ms)[0m  [1m[32mINSERT INTO "schema_migrations" ("version") VALUES ($1) RETURNING "version"[0m  [["version", "20221117070819"]]
  ↳ /usr/local/bin/rake:23
  [1m[35m (36.4ms)[0m  [1m[35mCOMMIT[0m
  ↳ /usr/local/bin/rake:23
  [1m[36mActiveRecord::InternalMetadata Load (35.0ms)[0m  [1m[34mSELECT  "ar_internal_metadata".* FROM "ar_internal_metadata" WHERE "ar_internal_metadata"."key" = $1 LIMIT $2[0m  [["key", "environment"], ["LIMIT", 1]]
  ↳ /usr/local/bin/rake:23
  [1m[35m (15.3ms)[0m  [1m[35mBEGIN[0m
  ↳ /usr/local/bin/rake:23
  [1m[35m (0.4ms)[0m  [1m[35mCOMMIT[0m
  ↳ /usr/local/bin/rake:23
  [1m[35m (0.3ms)[0m  [1m[34mSELECT pg_advisory_unlock(8575728061014197160)[0m
  ↳ /usr/local/bin/rake:23
  [1m[35m (0.5ms)[0m  [1m[34mSELECT "schema_migrations"."version" FROM "schema_migrations" ORDER BY "schema_migrations"."version" ASC[0m
  ↳ /usr/local/bin/rake:23
  [1m[35m (0.3ms)[0m  [1m[34mSELECT pg_try_advisory_lock(8575728061014197160)[0m
  ↳ /usr/local/bin/rake:23
  [1m[35m (0.9ms)[0m  [1m[34mSELECT "schema_migrations"."version" FROM "schema_migrations" ORDER BY "schema_migrations"."version" ASC[0m
  ↳ /usr/local/bin/rake:23
Migrating to CreateClassStatuses (20221117071222)
  [1m[35m (0.3ms)[0m  [1m[35mBEGIN[0m
  ↳ /usr/local/bin/rake:23
  [1m[35m (346.8ms)[0m  [1m[35mCREATE TABLE "class_statuses" ("id" bigserial primary key, "status" character varying, "score" integer, "student_id" bigint, "class_list_id" bigint, "created_at" timestamp NOT NULL, "updated_at" timestamp NOT NULL, CONSTRAINT "fk_rails_eeab08e77e"
FOREIGN KEY ("student_id")
  REFERENCES "students" ("id")
, CONSTRAINT "fk_rails_63f41a75de"
FOREIGN KEY ("class_list_id")
  REFERENCES "class_lists" ("id")
)[0m
  ↳ db/migrate/20221117071222_create_class_statuses.rb:3
  [1m[35m (77.1ms)[0m  [1m[35mCREATE  INDEX  "index_class_statuses_on_student_id" ON "class_statuses"  ("student_id")[0m
  ↳ db/migrate/20221117071222_create_class_statuses.rb:3
  [1m[35m (78.6ms)[0m  [1m[35mCREATE  INDEX  "index_class_statuses_on_class_list_id" ON "class_statuses"  ("class_list_id")[0m
  ↳ db/migrate/20221117071222_create_class_statuses.rb:3
  [1m[36mActiveRecord::SchemaMigration Create (0.5ms)[0m  [1m[32mINSERT INTO "schema_migrations" ("version") VALUES ($1) RETURNING "version"[0m  [["version", "20221117071222"]]
  ↳ /usr/local/bin/rake:23
  [1m[35m (30.1ms)[0m  [1m[35mCOMMIT[0m
  ↳ /usr/local/bin/rake:23
  [1m[36mActiveRecord::InternalMetadata Load (0.5ms)[0m  [1m[34mSELECT  "ar_internal_metadata".* FROM "ar_internal_metadata" WHERE "ar_internal_metadata"."key" = $1 LIMIT $2[0m  [["key", "environment"], ["LIMIT", 1]]
  ↳ /usr/local/bin/rake:23
  [1m[35m (0.3ms)[0m  [1m[35mBEGIN[0m
  ↳ /usr/local/bin/rake:23
  [1m[35m (0.3ms)[0m  [1m[35mCOMMIT[0m
  ↳ /usr/local/bin/rake:23
  [1m[35m (0.3ms)[0m  [1m[34mSELECT pg_advisory_unlock(8575728061014197160)[0m
  ↳ /usr/local/bin/rake:23
  [1m[35m (0.4ms)[0m  [1m[34mSELECT "schema_migrations"."version" FROM "schema_migrations" ORDER BY "schema_migrations"."version" ASC[0m
  ↳ /usr/local/bin/rake:23
Started GET "/?t=1668669452870" for 172.17.0.1 at 2022-11-17 07:17:32 +0000
Cannot render console from 10.1.20.239! Allowed networks: 127.0.0.1, ::1, 127.0.0.0/127.255.255.255
Processing by Rails::WelcomeController#index as HTML
  Parameters: {"t"=>"1668669452870"}
  Rendering /usr/local/lib/ruby/gems/2.6.0/gems/railties-5.2.8.1/lib/rails/templates/rails/welcome/index.html.erb
  Rendered /usr/local/lib/ruby/gems/2.6.0/gems/railties-5.2.8.1/lib/rails/templates/rails/welcome/index.html.erb (4.2ms)
Completed 200 OK in 104ms (Views: 29.6ms | ActiveRecord: 0.0ms)


Started GET "/?t=1668669452870" for 172.17.0.1 at 2022-11-17 07:17:34 +0000
Cannot render console from 10.1.20.239! Allowed networks: 127.0.0.1, ::1, 127.0.0.0/127.255.255.255
Processing by Rails::WelcomeController#index as HTML
  Parameters: {"t"=>"1668669452870"}
  Rendering /usr/local/lib/ruby/gems/2.6.0/gems/railties-5.2.8.1/lib/rails/templates/rails/welcome/index.html.erb
  Rendered /usr/local/lib/ruby/gems/2.6.0/gems/railties-5.2.8.1/lib/rails/templates/rails/welcome/index.html.erb (1.9ms)
Completed 200 OK in 6ms (Views: 4.1ms | ActiveRecord: 0.0ms)


Started GET "/?t=1668669452870" for 172.17.0.1 at 2022-11-17 07:18:01 +0000
Cannot render console from 10.1.20.239! Allowed networks: 127.0.0.1, ::1, 127.0.0.0/127.255.255.255
Processing by ClassListsController#index as HTML
  Parameters: {"t"=>"1668669452870"}
  Rendering class_lists/index.html.erb within layouts/application
  [1m[36mClassList Load (7.0ms)[0m  [1m[34mSELECT "class_lists".* FROM "class_lists"[0m
  ↳ app/views/class_lists/index.html.erb:23
  Rendered class_lists/index.html.erb within layouts/application (94.9ms)
Completed 500 Internal Server Error in 306ms (ActiveRecord: 87.5ms)


  
SyntaxError (/workspace/1117/app/views/layouts/application.html.erb:29: syntax error, unexpected ensure, expecting end
          ensure
          ^~~~~~
/workspace/1117/app/views/layouts/application.html.erb:31: syntax error, unexpected end-of-input, expecting end):
  
app/views/layouts/application.html.erb:29: syntax error, unexpected ensure, expecting end
app/views/layouts/application.html.erb:31: syntax error, unexpected end-of-input, expecting end
Started GET "/?t=1668669452870" for 172.17.0.1 at 2022-11-17 07:18:35 +0000
Cannot render console from 10.1.20.239! Allowed networks: 127.0.0.1, ::1, 127.0.0.0/127.255.255.255
Processing by ClassListsController#index as HTML
  Parameters: {"t"=>"1668669452870"}
  Rendering class_lists/index.html.erb within layouts/application
  [1m[36mClassList Load (0.5ms)[0m  [1m[34mSELECT "class_lists".* FROM "class_lists"[0m
  ↳ app/views/class_lists/index.html.erb:23
  Rendered class_lists/index.html.erb within layouts/application (2.6ms)
[Webpacker] Compiling...
[Webpacker] Compiled all packs in /workspace/1117/public/packs
[Webpacker] Browserslist: caniuse-lite is outdated. Please run:
npx browserslist@latest --update-db

[Webpacker] Hash: 15d1bb7b54cf6326b9ba
Version: webpack 4.43.0
Time: 16180ms
Built at: 2022-11-17 7:19:00 ├F10: AM┤
                                     Asset       Size       Chunks                         Chunk Names
    js/application-9afcbb5693aa87623e69.js    124 KiB  application  [emitted] [immutable]  application
js/application-9afcbb5693aa87623e69.js.map    139 KiB  application  [emitted] [dev]        application
                             manifest.json  364 bytes               [emitted]              
Entrypoint application = js/application-9afcbb5693aa87623e69.js js/application-9afcbb5693aa87623e69.js.map
[./app/javascript/channels sync recursive _channel\.js$] ./app/javascript/channels sync _channel\.js$ 160 bytes {application} [built]
[./app/javascript/channels/index.js] 211 bytes {application} [built]
[./app/javascript/packs/application.js] 749 bytes {application} [built]
[./node_modules/webpack/buildin/module.js] (webpack)/buildin/module.js 552 bytes {application} [built]
    + 3 hidden modules

Completed 200 OK in 25253ms (Views: 25251.0ms | ActiveRecord: 0.5ms)


Started GET "/?t=1668669452870" for 172.17.0.1 at 2022-11-17 07:29:35 +0000
Cannot render console from 10.1.21.16! Allowed networks: 127.0.0.1, ::1, 127.0.0.0/127.255.255.255
Processing by ClassListsController#index as HTML
  Parameters: {"t"=>"1668669452870"}
  Rendering class_lists/index.html.erb within layouts/application
  [1m[36mClassList Load (0.9ms)[0m  [1m[34mSELECT "class_lists".* FROM "class_lists"[0m
  ↳ app/views/class_lists/index.html.erb:24
  Rendered class_lists/index.html.erb within layouts/application (3.2ms)
[Webpacker] Everything's up-to-date. Nothing to do
Completed 200 OK in 84ms (Views: 81.6ms | ActiveRecord: 0.9ms)


Started GET "/departments" for 172.17.0.1 at 2022-11-17 07:29:49 +0000
Cannot render console from 10.1.21.16! Allowed networks: 127.0.0.1, ::1, 127.0.0.0/127.255.255.255
Processing by DepartmentsController#index as HTML
  Rendering departments/index.html.erb within layouts/application
  [1m[36mDepartment Load (2.8ms)[0m  [1m[34mSELECT "departments".* FROM "departments"[0m
  ↳ app/views/departments/index.html.erb:14
  Rendered departments/index.html.erb within layouts/application (113.7ms)
[Webpacker] Everything's up-to-date. Nothing to do
Completed 200 OK in 129ms (Views: 113.5ms | ActiveRecord: 9.2ms)


Started GET "/?t=1668670531530" for 172.17.0.1 at 2022-11-17 07:35:30 +0000
Cannot render console from 10.1.20.202! Allowed networks: 127.0.0.1, ::1, 127.0.0.0/127.255.255.255
Processing by ClassListsController#index as HTML
  Parameters: {"t"=>"1668670531530"}
Completed 500 Internal Server Error in 412ms (ActiveRecord: 0.0ms)


  
NoMethodError (undefined method `authenticate_user!' for #<ClassListsController:0x000056517dd29068>
Did you mean?  authenticate_student!):
  
activesupport (5.2.8.1) lib/active_support/callbacks.rb:426:in `block in make_lambda'
activesupport (5.2.8.1) lib/active_support/callbacks.rb:198:in `block (2 levels) in halting'
actionpack (5.2.8.1) lib/abstract_controller/callbacks.rb:34:in `block (2 levels) in <module:Callbacks>'
activesupport (5.2.8.1) lib/active_support/callbacks.rb:199:in `block in halting'
activesupport (5.2.8.1) lib/active_support/callbacks.rb:513:in `block in invoke_before'
activesupport (5.2.8.1) lib/active_support/callbacks.rb:513:in `each'
activesupport (5.2.8.1) lib/active_support/callbacks.rb:513:in `invoke_before'
activesupport (5.2.8.1) lib/active_support/callbacks.rb:131:in `run_callbacks'
actionpack (5.2.8.1) lib/abstract_controller/callbacks.rb:41:in `process_action'
actionpack (5.2.8.1) lib/action_controller/metal/rescue.rb:22:in `process_action'
actionpack (5.2.8.1) lib/action_controller/metal/instrumentation.rb:34:in `block in process_action'
activesupport (5.2.8.1) lib/active_support/notifications.rb:168:in `block in instrument'
activesupport (5.2.8.1) lib/active_support/notifications/instrumenter.rb:23:in `instrument'
activesupport (5.2.8.1) lib/active_support/notifications.rb:168:in `instrument'
actionpack (5.2.8.1) lib/action_controller/metal/instrumentation.rb:32:in `process_action'
actionpack (5.2.8.1) lib/action_controller/metal/params_wrapper.rb:256:in `process_action'
activerecord (5.2.8.1) lib/active_record/railties/controller_runtime.rb:24:in `process_action'
actionpack (5.2.8.1) lib/abstract_controller/base.rb:134:in `process'
actionview (5.2.8.1) lib/action_view/rendering.rb:32:in `process'
actionpack (5.2.8.1) lib/action_controller/metal.rb:191:in `dispatch'
actionpack (5.2.8.1) lib/action_controller/metal.rb:252:in `dispatch'
actionpack (5.2.8.1) lib/action_dispatch/routing/route_set.rb:52:in `dispatch'
actionpack (5.2.8.1) lib/action_dispatch/routing/route_set.rb:34:in `serve'
actionpack (5.2.8.1) lib/action_dispatch/journey/router.rb:52:in `block in serve'
actionpack (5.2.8.1) lib/action_dispatch/journey/router.rb:35:in `each'
actionpack (5.2.8.1) lib/action_dispatch/journey/router.rb:35:in `serve'
actionpack (5.2.8.1) lib/action_dispatch/routing/route_set.rb:840:in `call'
warden (1.2.9) lib/warden/manager.rb:36:in `block in call'
warden (1.2.9) lib/warden/manager.rb:34:in `catch'
warden (1.2.9) lib/warden/manager.rb:34:in `call'
rack (2.2.4) lib/rack/tempfile_reaper.rb:15:in `call'
rack (2.2.4) lib/rack/etag.rb:27:in `call'
rack (2.2.4) lib/rack/conditional_get.rb:27:in `call'
rack (2.2.4) lib/rack/head.rb:12:in `call'
actionpack (5.2.8.1) lib/action_dispatch/http/content_security_policy.rb:18:in `call'
rack (2.2.4) lib/rack/session/abstract/id.rb:266:in `context'
rack (2.2.4) lib/rack/session/abstract/id.rb:260:in `call'
actionpack (5.2.8.1) lib/action_dispatch/middleware/cookies.rb:670:in `call'
activerecord (5.2.8.1) lib/active_record/migration.rb:559:in `call'
actionpack (5.2.8.1) lib/action_dispatch/middleware/callbacks.rb:28:in `block in call'
activesupport (5.2.8.1) lib/active_support/callbacks.rb:98:in `run_callbacks'
actionpack (5.2.8.1) lib/action_dispatch/middleware/callbacks.rb:26:in `call'
actionpack (5.2.8.1) lib/action_dispatch/middleware/executor.rb:14:in `call'
actionpack (5.2.8.1) lib/action_dispatch/middleware/debug_exceptions.rb:61:in `call'
web-console (3.7.0) lib/web_console/middleware.rb:135:in `call_app'
web-console (3.7.0) lib/web_console/middleware.rb:22:in `block in call'
web-console (3.7.0) lib/web_console/middleware.rb:20:in `catch'
web-console (3.7.0) lib/web_console/middleware.rb:20:in `call'
actionpack (5.2.8.1) lib/action_dispatch/middleware/show_exceptions.rb:33:in `call'
railties (5.2.8.1) lib/rails/rack/logger.rb:38:in `call_app'
railties (5.2.8.1) lib/rails/rack/logger.rb:26:in `block in call'
activesupport (5.2.8.1) lib/active_support/tagged_logging.rb:71:in `block in tagged'
activesupport (5.2.8.1) lib/active_support/tagged_logging.rb:28:in `tagged'
activesupport (5.2.8.1) lib/active_support/tagged_logging.rb:71:in `tagged'
railties (5.2.8.1) lib/rails/rack/logger.rb:26:in `call'
sprockets-rails (3.4.2) lib/sprockets/rails/quiet_assets.rb:13:in `call'
actionpack (5.2.8.1) lib/action_dispatch/middleware/remote_ip.rb:81:in `call'
actionpack (5.2.8.1) lib/action_dispatch/middleware/request_id.rb:27:in `call'
rack (2.2.4) lib/rack/method_override.rb:24:in `call'
rack (2.2.4) lib/rack/runtime.rb:22:in `call'
activesupport (5.2.8.1) lib/active_support/cache/strategy/local_cache_middleware.rb:29:in `call'
actionpack (5.2.8.1) lib/action_dispatch/middleware/executor.rb:14:in `call'
actionpack (5.2.8.1) lib/action_dispatch/middleware/static.rb:127:in `call'
rack (2.2.4) lib/rack/sendfile.rb:110:in `call'
webpacker (4.3.0) lib/webpacker/dev_server_proxy.rb:23:in `perform_request'
rack-proxy (0.7.4) lib/rack/proxy.rb:78:in `call'
railties (5.2.8.1) lib/rails/engine.rb:524:in `call'
puma (4.3.12) lib/puma/configuration.rb:228:in `call'
puma (4.3.12) lib/puma/server.rb:727:in `handle_request'
puma (4.3.12) lib/puma/server.rb:476:in `process_client'
puma (4.3.12) lib/puma/server.rb:332:in `block in run'
puma (4.3.12) lib/puma/thread_pool.rb:134:in `block in spawn_thread'
Started GET "/?t=1668670531530" for 172.17.0.1 at 2022-11-17 07:36:48 +0000
Cannot render console from 10.1.21.240! Allowed networks: 127.0.0.1, ::1, 127.0.0.0/127.255.255.255
Processing by ClassListsController#index as HTML
  Parameters: {"t"=>"1668670531530"}
Completed 401 Unauthorized in 104ms (ActiveRecord: 0.0ms)


Started GET "/students/sign_in" for 172.17.0.1 at 2022-11-17 07:36:48 +0000
Cannot render console from 10.1.20.239! Allowed networks: 127.0.0.1, ::1, 127.0.0.0/127.255.255.255
Processing by Devise::SessionsController#new as HTML
  Rendering devise/sessions/new.html.erb within layouts/application
  Rendered devise/shared/_links.html.erb (1.2ms)
  Rendered devise/sessions/new.html.erb within layouts/application (94.8ms)
[Webpacker] Everything's up-to-date. Nothing to do
Completed 200 OK in 139ms (Views: 109.4ms | ActiveRecord: 6.0ms)


Started GET "/students/sign_up" for 172.17.0.1 at 2022-11-17 07:36:51 +0000
Cannot render console from 10.1.20.239! Allowed networks: 127.0.0.1, ::1, 127.0.0.0/127.255.255.255
Processing by Devise::RegistrationsController#new as HTML
  Rendering devise/registrations/new.html.erb within layouts/application
  Rendered devise/shared/_error_messages.html.erb (0.5ms)
  Rendered devise/shared/_links.html.erb (1.0ms)
  Rendered devise/registrations/new.html.erb within layouts/application (5.4ms)
[Webpacker] Everything's up-to-date. Nothing to do
Completed 200 OK in 39ms (Views: 38.3ms | ActiveRecord: 0.0ms)


Started GET "/students/sign_up" for 172.17.0.1 at 2022-11-17 07:37:38 +0000
Cannot render console from 10.1.20.239! Allowed networks: 127.0.0.1, ::1, 127.0.0.0/127.255.255.255
Processing by Devise::RegistrationsController#new as HTML
  Rendering devise/registrations/new.html.erb within layouts/application
  Rendered devise/shared/_error_messages.html.erb (0.7ms)
  Rendered devise/registrations/new.html.erb within layouts/application (1110.9ms)
Completed 500 Internal Server Error in 1116ms (ActiveRecord: 0.0ms)


  
ActionView::Template::Error (undefined method `department_id_field' for #<ActionView::Helpers::FormBuilder:0x00007f2414518c88>):
    23: 
    24: <div class="field">
    25: 	<%= f.label :department_id %><br />
    26: 	<%= f.department_id_field :department_id, autofocus: true, autocomplete: "department_id" %>
    27: </div>
    28: 
    29:   <div class="actions">
  
app/views/devise/registrations/new.html.erb:26:in `block in _app_views_devise_registrations_new_html_erb___1574103554072656910_69896468190800'
app/views/devise/registrations/new.html.erb:3:in `_app_views_devise_registrations_new_html_erb___1574103554072656910_69896468190800'
Started GET "/students/sign_up" for 172.17.0.1 at 2022-11-17 07:38:00 +0000
Cannot render console from 10.1.20.239! Allowed networks: 127.0.0.1, ::1, 127.0.0.0/127.255.255.255
Processing by Devise::RegistrationsController#new as HTML
  Rendering devise/registrations/new.html.erb within layouts/application
  Rendered devise/shared/_error_messages.html.erb (0.6ms)
  Rendered devise/shared/_links.html.erb (0.8ms)
  Rendered devise/registrations/new.html.erb within layouts/application (5.1ms)
[Webpacker] Everything's up-to-date. Nothing to do
Completed 200 OK in 14ms (Views: 12.9ms | ActiveRecord: 0.0ms)


Started POST "/students" for 172.17.0.1 at 2022-11-17 07:38:04 +0000
Cannot render console from 10.1.20.239! Allowed networks: 127.0.0.1, ::1, 127.0.0.0/127.255.255.255
Processing by Devise::RegistrationsController#create as HTML
  Parameters: {"utf8"=>"✓", "authenticity_token"=>"6FDws1B+vcELkoCNW/L7IQM3Y1Lf/g9uKVNP2FX62bETy4xvk8yMPYX9NqqBs11WyjZL1+ry/lv83cvn1rXvGw==", "student"=>{"email"=>"", "password"=>"[FILTERED]", "password_confirmation"=>"[FILTERED]"}, "commit"=>"Sign up"}
  [1m[35m (0.2ms)[0m  [1m[35mBEGIN[0m
  ↳ /usr/local/lib/ruby/gems/2.6.0/gems/activerecord-5.2.8.1/lib/active_record/log_subscriber.rb:98
  [1m[35m (69.4ms)[0m  [1m[31mROLLBACK[0m
  ↳ /usr/local/lib/ruby/gems/2.6.0/gems/activerecord-5.2.8.1/lib/active_record/log_subscriber.rb:98
  Rendering devise/registrations/new.html.erb within layouts/application
  Rendered devise/shared/_error_messages.html.erb (1.3ms)
  Rendered devise/shared/_links.html.erb (1.0ms)
  Rendered devise/registrations/new.html.erb within layouts/application (6.0ms)
[Webpacker] Everything's up-to-date. Nothing to do
Completed 200 OK in 110ms (Views: 15.4ms | ActiveRecord: 69.7ms)


Started GET "/students" for 172.17.0.1 at 2022-11-17 07:38:51 +0000
Cannot render console from 10.1.20.239! Allowed networks: 127.0.0.1, ::1, 127.0.0.0/127.255.255.255
  
ActionController::RoutingError (No route matches [GET] "/students"):
  
actionpack (5.2.8.1) lib/action_dispatch/middleware/debug_exceptions.rb:65:in `call'
web-console (3.7.0) lib/web_console/middleware.rb:135:in `call_app'
web-console (3.7.0) lib/web_console/middleware.rb:22:in `block in call'
web-console (3.7.0) lib/web_console/middleware.rb:20:in `catch'
web-console (3.7.0) lib/web_console/middleware.rb:20:in `call'
actionpack (5.2.8.1) lib/action_dispatch/middleware/show_exceptions.rb:33:in `call'
railties (5.2.8.1) lib/rails/rack/logger.rb:38:in `call_app'
railties (5.2.8.1) lib/rails/rack/logger.rb:26:in `block in call'
activesupport (5.2.8.1) lib/active_support/tagged_logging.rb:71:in `block in tagged'
activesupport (5.2.8.1) lib/active_support/tagged_logging.rb:28:in `tagged'
activesupport (5.2.8.1) lib/active_support/tagged_logging.rb:71:in `tagged'
railties (5.2.8.1) lib/rails/rack/logger.rb:26:in `call'
sprockets-rails (3.4.2) lib/sprockets/rails/quiet_assets.rb:13:in `call'
actionpack (5.2.8.1) lib/action_dispatch/middleware/remote_ip.rb:81:in `call'
actionpack (5.2.8.1) lib/action_dispatch/middleware/request_id.rb:27:in `call'
rack (2.2.4) lib/rack/method_override.rb:24:in `call'
rack (2.2.4) lib/rack/runtime.rb:22:in `call'
activesupport (5.2.8.1) lib/active_support/cache/strategy/local_cache_middleware.rb:29:in `call'
actionpack (5.2.8.1) lib/action_dispatch/middleware/executor.rb:14:in `call'
actionpack (5.2.8.1) lib/action_dispatch/middleware/static.rb:127:in `call'
rack (2.2.4) lib/rack/sendfile.rb:110:in `call'
webpacker (4.3.0) lib/webpacker/dev_server_proxy.rb:23:in `perform_request'
rack-proxy (0.7.4) lib/rack/proxy.rb:78:in `call'
railties (5.2.8.1) lib/rails/engine.rb:524:in `call'
puma (4.3.12) lib/puma/configuration.rb:228:in `call'
puma (4.3.12) lib/puma/server.rb:727:in `handle_request'
puma (4.3.12) lib/puma/server.rb:476:in `process_client'
puma (4.3.12) lib/puma/server.rb:332:in `block in run'
puma (4.3.12) lib/puma/thread_pool.rb:134:in `block in spawn_thread'
Started GET "/students" for 172.17.0.1 at 2022-11-17 07:39:16 +0000
Cannot render console from 10.1.20.239! Allowed networks: 127.0.0.1, ::1, 127.0.0.0/127.255.255.255
  
ActionController::RoutingError (No route matches [GET] "/students"):
  
actionpack (5.2.8.1) lib/action_dispatch/middleware/debug_exceptions.rb:65:in `call'
web-console (3.7.0) lib/web_console/middleware.rb:135:in `call_app'
web-console (3.7.0) lib/web_console/middleware.rb:22:in `block in call'
web-console (3.7.0) lib/web_console/middleware.rb:20:in `catch'
web-console (3.7.0) lib/web_console/middleware.rb:20:in `call'
actionpack (5.2.8.1) lib/action_dispatch/middleware/show_exceptions.rb:33:in `call'
railties (5.2.8.1) lib/rails/rack/logger.rb:38:in `call_app'
railties (5.2.8.1) lib/rails/rack/logger.rb:26:in `block in call'
activesupport (5.2.8.1) lib/active_support/tagged_logging.rb:71:in `block in tagged'
activesupport (5.2.8.1) lib/active_support/tagged_logging.rb:28:in `tagged'
activesupport (5.2.8.1) lib/active_support/tagged_logging.rb:71:in `tagged'
railties (5.2.8.1) lib/rails/rack/logger.rb:26:in `call'
sprockets-rails (3.4.2) lib/sprockets/rails/quiet_assets.rb:13:in `call'
actionpack (5.2.8.1) lib/action_dispatch/middleware/remote_ip.rb:81:in `call'
actionpack (5.2.8.1) lib/action_dispatch/middleware/request_id.rb:27:in `call'
rack (2.2.4) lib/rack/method_override.rb:24:in `call'
rack (2.2.4) lib/rack/runtime.rb:22:in `call'
activesupport (5.2.8.1) lib/active_support/cache/strategy/local_cache_middleware.rb:29:in `call'
actionpack (5.2.8.1) lib/action_dispatch/middleware/executor.rb:14:in `call'
actionpack (5.2.8.1) lib/action_dispatch/middleware/static.rb:127:in `call'
rack (2.2.4) lib/rack/sendfile.rb:110:in `call'
webpacker (4.3.0) lib/webpacker/dev_server_proxy.rb:23:in `perform_request'
rack-proxy (0.7.4) lib/rack/proxy.rb:78:in `call'
railties (5.2.8.1) lib/rails/engine.rb:524:in `call'
puma (4.3.12) lib/puma/configuration.rb:228:in `call'
puma (4.3.12) lib/puma/server.rb:727:in `handle_request'
puma (4.3.12) lib/puma/server.rb:476:in `process_client'
puma (4.3.12) lib/puma/server.rb:332:in `block in run'
puma (4.3.12) lib/puma/thread_pool.rb:134:in `block in spawn_thread'
Started GET "/students/sign_up" for 172.17.0.1 at 2022-11-17 07:50:57 +0000
Cannot render console from 10.1.20.239! Allowed networks: 127.0.0.1, ::1, 127.0.0.0/127.255.255.255
Processing by Devise::RegistrationsController#new as HTML
  Rendering devise/registrations/new.html.erb within layouts/application
  Rendered devise/registrations/new.html.erb within layouts/application (1.0ms)
Completed 500 Internal Server Error in 7ms (ActiveRecord: 0.0ms)


  
SyntaxError (/workspace/1117/app/views/devise/registrations/new.html.erb:42: syntax error, unexpected end-of-input, expecting end):
  
app/views/devise/registrations/new.html.erb:42: syntax error, unexpected end-of-input, expecting end
Started GET "/students/sign_up" for 172.17.0.1 at 2022-11-17 07:51:28 +0000
Cannot render console from 10.1.20.239! Allowed networks: 127.0.0.1, ::1, 127.0.0.0/127.255.255.255
Processing by Devise::RegistrationsController#new as HTML
  Rendering devise/registrations/new.html.erb within layouts/application
  Rendered devise/registrations/new.html.erb within layouts/application (0.9ms)
Completed 500 Internal Server Error in 6ms (ActiveRecord: 0.0ms)


  
SyntaxError (/workspace/1117/app/views/devise/registrations/new.html.erb:29: syntax error, unexpected end
...eze;@output_buffer.append=( end );@output_buffer.safe_append...
...                            ^~~
/workspace/1117/app/views/devise/registrations/new.html.erb:36: syntax error, unexpected end, expecting ')'
'.freeze; end 
          ^~~
/workspace/1117/app/views/devise/registrations/new.html.erb:41: syntax error, unexpected ensure, expecting ')'
          ensure
          ^~~~~~
/workspace/1117/app/views/devise/registrations/new.html.erb:43: syntax error, unexpected end, expecting ')'
          end
          ^~~):
  
app/views/devise/registrations/new.html.erb:29: syntax error, unexpected end
app/views/devise/registrations/new.html.erb:36: syntax error, unexpected end, expecting ')'
app/views/devise/registrations/new.html.erb:41: syntax error, unexpected ensure, expecting ')'
app/views/devise/registrations/new.html.erb:43: syntax error, unexpected end, expecting ')'
Started GET "/students/sign_up" for 172.17.0.1 at 2022-11-17 07:52:36 +0000
Cannot render console from 10.1.20.142! Allowed networks: 127.0.0.1, ::1, 127.0.0.0/127.255.255.255
Processing by Devise::RegistrationsController#new as HTML
  Rendering devise/registrations/new.html.erb within layouts/application
  Rendered devise/shared/_error_messages.html.erb (0.4ms)
  Rendered devise/registrations/new.html.erb within layouts/application (4.6ms)
Completed 500 Internal Server Error in 8ms (ActiveRecord: 0.0ms)


  
ActionView::Template::Error (undefined method `each' for nil:NilClass):
    24: <div class="field">
    25: 	<%= f.label :department_id %><br />
    26: 	<select>
    27: 		<%= @departments.each do |dep| %>
    28: 		  <option><%= dep.dep_name%></option>
    29: 		<% end %>
    30: 	</select>
  
app/views/devise/registrations/new.html.erb:27:in `block in _app_views_devise_registrations_new_html_erb___1574103554072656910_69896499501040'
app/views/devise/registrations/new.html.erb:3:in `_app_views_devise_registrations_new_html_erb___1574103554072656910_69896499501040'
Started GET "/students/sign_up" for 172.17.0.1 at 2022-11-17 07:56:35 +0000
Cannot render console from 10.1.20.142! Allowed networks: 127.0.0.1, ::1, 127.0.0.0/127.255.255.255
Processing by Devise::RegistrationsController#new as HTML
  Rendering devise/registrations/new.html.erb within layouts/application
  Rendered devise/shared/_error_messages.html.erb (0.7ms)
  Rendered devise/registrations/new.html.erb within layouts/application (23.4ms)
Completed 500 Internal Server Error in 31ms (ActiveRecord: 6.0ms)


  
ActionView::Template::Error (undefined method `each' for #<Class:0x00007f2414e723b0>):
    24: <div class="field">
    25: 	<%= f.label :department_id %><br />
    26: 	<select>
    27: 		<%= Department.each do |dep| %>
    28: 		  <option><%= dep.dep_name%></option>
    29: 		<% end %>
    30: 	</select>
  
app/views/devise/registrations/new.html.erb:27:in `block in _app_views_devise_registrations_new_html_erb___1574103554072656910_47453989067880'
app/views/devise/registrations/new.html.erb:3:in `_app_views_devise_registrations_new_html_erb___1574103554072656910_47453989067880'
